<?xml version="1.0" ?><test><id>Test2</id><execution_id></execution_id><table name="Tests" file="C:/AXE_Projects/TestHarnessAPI/data/Tests.xml"/><description><![CDATA[Get a multi return from regions]]></description><start>2011/11/30 12:56:10 PM</start>
<subtest><index>1</index><id>Test02</id><table name="regionsInfoByIana" file="C:/AXE_Projects/TestHarnessAPI/data/Tests.xml"/><description><![CDATA[Multi returns]]></description><start>2011/11/30 12:56:10 PM</start>
<step><index>1</index><object><![CDATA[[]regionsInfoByIana]]></object><action><![CDATA[load.file(regionsInfoByIana.xml)]]></action><data><![CDATA[]]></data><start>2011/11/30 12:56:10 PM</start>
<finish>2011/11/30 12:56:10 PM</finish>
<time>0.0040003</time>
<result>0</result>
<success>True</success>
</step>
<step><index>2</index><object><![CDATA[[]regionsInfoByIana]]></object><action><![CDATA[Set]]></action><data><![CDATA[]]></data><start>2011/11/30 12:56:10 PM</start>
<finish>2011/11/30 12:56:10 PM</finish>
<time>0.0030002</time>
<result>0</result>
<success>True</success>
</step>
<step><index>3</index><object><![CDATA[ianacode]]></object><action><![CDATA[Set]]></action><data><![CDATA[za]]></data><start>2011/11/30 12:56:10 PM</start>
<finish>2011/11/30 12:56:10 PM</finish>
<time>0.0020001</time>
<result>0</result>
<success>True</success>
</step>
<step><index>4</index><object><![CDATA[[]regionsInfoByIana]]></object><action><![CDATA[Invoke]]></action><data><![CDATA[]]></data><start>2011/11/30 12:56:10 PM</start>
<finish>2011/11/30 12:56:11 PM</finish>
<time>0.9360535</time>
<result>0</result>
<success>True</success>
</step>
<step><index>5</index><object><![CDATA[[]regionsInfoByIana]]></object><action><![CDATA[get]]></action><data><![CDATA[]]></data><start>2011/11/30 12:56:11 PM</start>
<finish>2011/11/30 12:56:11 PM</finish>
<time>0.0040002</time>
<result>0</result>
<success>True</success>
</step>
<step><index>6</index><object><![CDATA[[]regionsInfoByIana]]></object><action><![CDATA[val]]></action><data><![CDATA[]]></data><start>2011/11/30 12:56:11 PM</start>
<expected><![CDATA[]]></expected>
<actual><![CDATA[<?xml version="1.0" encoding="UTF-8"?>
<SOAP-ENV:Envelope
 xmlns:SOAP-ENV="http://schemas.xmlsoap.org/soap/envelope/"
 xmlns:xsd="http://www.w3.org/2001/XMLSchema"
 xmlns:xsi="http://www.w3.org/2001/XMLSchema-instance"
 xmlns:SOAP-ENC="http://schemas.xmlsoap.org/soap/encoding/"
 xmlns:ns4="urn:countries.webservice.mobilefish.com"
 SOAP-ENV:encodingStyle="http://schemas.xmlsoap.org/soap/encoding/">
<SOAP-ENV:Body>
<SOAP-ENV:regionsInfoByIanaResponse>
<allregionslist xsi:type="SOAP-ENC:Array" SOAP-ENC:arrayType="ns4:RegionsData[9]">
<item>
<ianacode xsi:type="xsd:string">za</ianacode>
<regionname xsi:type="xsd:string">Eastern Cape</regionname>
<latitude xsi:type="xsd:float">-32.106209</latitude>
<longitude xsi:type="xsd:float">26.463432</longitude></item>
<item>
<ianacode xsi:type="xsd:string">za</ianacode>
<regionname xsi:type="xsd:string">Free State</regionname>
<latitude xsi:type="xsd:float">-28.678331</latitude>
<longitude xsi:type="xsd:float">27.060972</longitude></item>
<item>
<ianacode xsi:type="xsd:string">za</ianacode>
<regionname xsi:type="xsd:string">Gauteng</regionname>
<latitude xsi:type="xsd:float">-26.028387</latitude>
<longitude xsi:type="xsd:float">28.111942</longitude></item>
<item>
<ianacode xsi:type="xsd:string">za</ianacode>
<regionname xsi:type="xsd:string">KwaZulu-Natal</regionname>
<latitude xsi:type="xsd:float">-28.941078</latitude>
<longitude xsi:type="xsd:float">30.823402</longitude></item>
<item>
<ianacode xsi:type="xsd:string">za</ianacode>
<regionname xsi:type="xsd:string">Limpopo</regionname>
<latitude xsi:type="xsd:float">-23.728308</latitude>
<longitude xsi:type="xsd:float">29.221443</longitude></item>
<item>
<ianacode xsi:type="xsd:string">za</ianacode>
<regionname xsi:type="xsd:string">Mpumalanga</regionname>
<latitude xsi:type="xsd:float">-26.012638</latitude>
<longitude xsi:type="xsd:float">30.163225</longitude></item>
<item>
<ianacode xsi:type="xsd:string">za</ianacode>
<regionname xsi:type="xsd:string">North-West</regionname>
<latitude xsi:type="xsd:float">-26.369320</latitude>
<longitude xsi:type="xsd:float">25.464561</longitude></item>
<item>
<ianacode xsi:type="xsd:string">za</ianacode>
<regionname xsi:type="xsd:string">Northern Cape</regionname>
<latitude xsi:type="xsd:float">-28.844969</latitude>
<longitude xsi:type="xsd:float">21.001511</longitude></item>
<item>
<ianacode xsi:type="xsd:string">za</ianacode>
<regionname xsi:type="xsd:string">Western Cape</regionname>
<latitude xsi:type="xsd:float">-32.634357</latitude>
<longitude xsi:type="xsd:float">20.980000</longitude></item></allregionslist></SOAP-ENV:regionsInfoByIanaResponse>
</SOAP-ENV:Body>
</SOAP-ENV:Envelope>
]]></actual>
<finish>2011/11/30 12:56:11 PM</finish>
<time>0.0080005</time>
<result>1</result>
<success>False</success>
<error_no>1</error_no>
<error_msg><![CDATA[]]></error_msg>
</step>
<step><index>7</index><object><![CDATA[[]regionsInfoByIana]]></object><action><![CDATA[get.nodecount]]></action><data><![CDATA[]]></data><start>2011/11/30 12:56:11 PM</start>
<expected><![CDATA[]]></expected>
<actual><![CDATA[9]]></actual>
<finish>2011/11/30 12:56:11 PM</finish>
<time>0.0270016</time>
<result>0</result>
<success>True</success>
</step>
<step><index>8</index><object><![CDATA[ListResponse]]></object><action><![CDATA[get]]></action><data><![CDATA[]]></data><start>2011/11/30 12:56:11 PM</start>
<finish>2011/11/30 12:56:11 PM</finish>
<time>0.0020001</time>
<result>0</result>
<success>True</success>
</step>
<step><index>9</index><object><![CDATA[ListResponse]]></object><action><![CDATA[val]]></action><data><![CDATA[]]></data><start>2011/11/30 12:56:11 PM</start>
<expected><![CDATA[]]></expected>
<actual><![CDATA[zaEastern Cape-32.10620926.463432zaFree State-28.67833127.060972zaGauteng-26.02838728.111942zaKwaZulu-Natal-28.94107830.823402zaLimpopo-23.72830829.221443zaMpumalanga-26.01263830.163225zaNorth-West-26.36932025.464561zaNorthern Cape-28.84496921.001511zaWestern Cape-32.63435720.980000]]></actual>
<finish>2011/11/30 12:56:11 PM</finish>
<time>0.0040002</time>
<result>1</result>
<success>False</success>
<error_no>1</error_no>
<error_msg><![CDATA[]]></error_msg>
</step>
<step><index>10</index><object><![CDATA[ListResponse]]></object><action><![CDATA[get]]></action><data><![CDATA[]]></data><start>2011/11/30 12:56:11 PM</start>
<finish>2011/11/30 12:56:11 PM</finish>
<time>0.0020001</time>
<result>0</result>
<success>True</success>
</step>
<step><index>11</index><object><![CDATA[ListResponse]]></object><action><![CDATA[val]]></action><data><![CDATA[]]></data><start>2011/11/30 12:56:11 PM</start>
<expected><![CDATA[]]></expected>
<actual><![CDATA[zaEastern Cape-32.10620926.463432zaFree State-28.67833127.060972zaGauteng-26.02838728.111942zaKwaZulu-Natal-28.94107830.823402zaLimpopo-23.72830829.221443zaMpumalanga-26.01263830.163225zaNorth-West-26.36932025.464561zaNorthern Cape-28.84496921.001511zaWestern Cape-32.63435720.980000]]></actual>
<finish>2011/11/30 12:56:11 PM</finish>
<time>0.0040002</time>
<result>1</result>
<success>False</success>
<error_no>1</error_no>
<error_msg><![CDATA[]]></error_msg>
</step>
<step><index>12</index><object><![CDATA[ListResponseItem_2]]></object><action><![CDATA[get]]></action><data><![CDATA[]]></data><start>2011/11/30 12:56:11 PM</start>
<finish>2011/11/30 12:56:11 PM</finish>
<time>0.0020001</time>
<result>0</result>
<success>True</success>
</step>
<step><index>13</index><object><![CDATA[ListResponseItem_2]]></object><action><![CDATA[val]]></action><data><![CDATA[]]></data><start>2011/11/30 12:56:11 PM</start>
<expected><![CDATA[]]></expected>
<actual><![CDATA[zaFree State-28.67833127.060972]]></actual>
<finish>2011/11/30 12:56:11 PM</finish>
<time>0.0020001</time>
<result>1</result>
<success>False</success>
<error_no>1</error_no>
<error_msg><![CDATA[]]></error_msg>
</step>
<step><index>14</index><object><![CDATA[ListResponseItem_2_Code]]></object><action><![CDATA[get]]></action><data><![CDATA[]]></data><start>2011/11/30 12:56:11 PM</start>
<finish>2011/11/30 12:56:11 PM</finish>
<time>0.0030002</time>
<result>0</result>
<success>True</success>
</step>
<step><index>15</index><object><![CDATA[ListResponseItem_2_Code]]></object><action><![CDATA[val]]></action><data><![CDATA[za]]></data><start>2011/11/30 12:56:11 PM</start>
<expected><![CDATA[za]]></expected>
<actual><![CDATA[za]]></actual>
<finish>2011/11/30 12:56:11 PM</finish>
<time>0.0030002</time>
<result>0</result>
<success>True</success>
</step>
<step><index>16</index><object><![CDATA[ListResponseRegion]]></object><action><![CDATA[get]]></action><data><![CDATA[]]></data><start>2011/11/30 12:56:11 PM</start>
<finish>2011/11/30 12:56:11 PM</finish>
<time>0.001</time>
<result>0</result>
<success>True</success>
</step>
<step><index>17</index><object><![CDATA[ListResponseRegion]]></object><action><![CDATA[val]]></action><data><![CDATA[]]></data><start>2011/11/30 12:56:11 PM</start>
<expected><![CDATA[]]></expected>
<actual><![CDATA[Eastern Cape]]></actual>
<finish>2011/11/30 12:56:11 PM</finish>
<time>0.0030001</time>
<result>1</result>
<success>False</success>
<error_no>1</error_no>
<error_msg><![CDATA[]]></error_msg>
</step>
<finish>2011/11/30 12:56:11 PM</finish>
<time>1.0720614</time>
<result>Fail</result>
<success>False</success>
<testcount>17</testcount>
<passcount>12</passcount>
<failcount>5</failcount>
</subtest>
<finish>2011/11/30 12:56:11 PM</finish>
<time>1.0980628</time>
<result>Fail</result>
<success>False</success>
<testcount>1</testcount>
<passcount>0</passcount>
<failcount>1</failcount>
</test>
