<?xml version="1.0" ?><test><id>Test3</id><execution_id></execution_id><table name="Tests" file="C:/AXE_Projects/TestHarnessAPI/data/Tests.xml"/><description><![CDATA[Try this]]></description><start>2011/11/28 08:53:16 AM</start>
<subtest><index>1</index><id>Test01</id><table name="APITest" file="C:/AXE_Projects/TestHarnessAPI/data/Tests.xml"/><description><![CDATA[My test]]></description><start>2011/11/28 08:53:16 AM</start>
<step><index>1</index><object><![CDATA[[]countryInfoByIana]]></object><action><![CDATA[load.file(countryInfoByIana.xml)]]></action><data><![CDATA[]]></data><start>2011/11/28 08:53:16 AM</start>
<finish>2011/11/28 08:53:16 AM</finish>
<time>0</time>
<result>0</result>
<success>True</success>
</step>
<step><index>2</index><object><![CDATA[[]countryInfoByIana]]></object><action><![CDATA[Set]]></action><data><![CDATA[]]></data><start>2011/11/28 08:53:16 AM</start>
<finish>2011/11/28 08:53:16 AM</finish>
<time>0.0156</time>
<result>0</result>
<success>True</success>
</step>
<step><index>3</index><object><![CDATA[ianacode]]></object><action><![CDATA[Set]]></action><data><![CDATA[za]]></data><start>2011/11/28 08:53:16 AM</start>
<finish>2011/11/28 08:53:16 AM</finish>
<time>0</time>
<result>0</result>
<success>True</success>
</step>
<step><index>4</index><object><![CDATA[[]countryInfoByIana]]></object><action><![CDATA[Invoke]]></action><data><![CDATA[]]></data><start>2011/11/28 08:53:16 AM</start>
<finish>2011/11/28 08:53:17 AM</finish>
<time>0.6864012</time>
<result>0</result>
<success>True</success>
</step>
<step><index>5</index><object><![CDATA[ianacodeResponse]]></object><action><![CDATA[get]]></action><data><![CDATA[]]></data><start>2011/11/28 08:53:17 AM</start>
<finish>2011/11/28 08:53:17 AM</finish>
<time>0</time>
<result>0</result>
<success>True</success>
</step>
<step><index>6</index><object><![CDATA[ianacodeResponse]]></object><action><![CDATA[val]]></action><data><![CDATA[za]]></data><start>2011/11/28 08:53:17 AM</start>
<expected><![CDATA[za]]></expected>
<actual><![CDATA[za]]></actual>
<finish>2011/11/28 08:53:17 AM</finish>
<time>0</time>
<result>0</result>
<success>True</success>
</step>
<finish>2011/11/28 08:53:17 AM</finish>
<time>0.7176012</time>
<result>Pass</result>
<success>True</success>
<testcount>6</testcount>
<passcount>6</passcount>
<failcount>0</failcount>
</subtest>
<finish>2011/11/28 08:53:17 AM</finish>
<time>0.7644013</time>
<result>Pass</result>
<success>True</success>
<testcount>1</testcount>
<passcount>1</passcount>
<failcount>0</failcount>
</test>
