<?xml version="1.0" ?><test><id>Test2</id><execution_id></execution_id><table name="Login" file="C:/AXE_Projects/TestAxeProject/data/Tests.xml"/><description><![CDATA[]]></description><start>2011/11/17 12:27:47 PM</start>
<basestate>  <index>1</index>  <action>Google.Home</action>  <start>2011/11/17 12:27:47 PM</start>
<info><![CDATA[[2011/11/17 12:27:47] Found browser http://192.168.1.201:7780/marketing_enu/start.swe?SWECmd=Login&SWEPL=1&SWETS=1321525663318]]></info>
<info><![CDATA[[2011/11/17 12:27:47] Navigating to http://www.google.co.za]]></info>
 <success>True</success>  <result>0</result>  <finish>2011/11/17 12:27:47 PM</finish>  <time>0.4400006</time>
</basestate>
<finish>2011/11/17 12:27:47 PM</finish>
<time>0.4550006</time>
<result>Pass</result>
<success>True</success>
<testcount>0</testcount>
<passcount>0</passcount>
<failcount>0</failcount>
</test>
