<?xml version="1.0" ?><test><id>Test1</id><execution_id></execution_id><table name="Tests" file="C:/AXE_Projects/TestAxeProject/data/Tests.xml"/><description><![CDATA[My Test Description logon]]></description><start>2011/11/25 09:18:58 AM</start>
<basestate>  <index>1</index>  <action>Home.siebel</action>  <start>2011/11/25 09:18:58 AM</start>
<info><![CDATA[[2011/11/25 09:18:58] Found browser http://192.168.1.201:7780/marketing_enu/start.swe?SWECmd=AutoOn&_sn=j1kwIHNjlbT.S4Pq5OpBatEuqtxT2Phxj3vvkj-5FouFuGyehTO3mqDYIPCQnIgQ&SWEHo=192.168.1.201&SWETS=1322198731]]></info>
<info><![CDATA[[2011/11/25 09:18:58] Navigating to http://192.168.1.201:7780/marketing_enu/start.swe?SWECmd=AutoOn]]></info>
 <success>True</success>  <result>0</result>  <finish>2011/11/25 09:18:58 AM</finish>  <time>0.0850048</time>
</basestate>
<subtest><index>1</index><id>Login01</id><table name="sblLogin" file="Subtests"/><description><![CDATA[Login with admin user]]></description><start>2011/11/25 09:18:58 AM</start>
<step><index>1</index><object><![CDATA[[]sblLogin]]></object><action><![CDATA[Set]]></action><data><![CDATA[]]></data><start>2011/11/25 09:18:58 AM</start>
<finish>2011/11/25 09:18:58 AM</finish>
<time>0.2180125</time>
<result>0</result>
<success>True</success>
</step>
<step><index>2</index><object><![CDATA[txtUserName]]></object><action><![CDATA[Set]]></action><data><![CDATA[sadmin]]></data><start>2011/11/25 09:18:58 AM</start>
<finish>2011/11/25 09:18:59 AM</finish>
<time>0.9510544</time>
<result>0</result>
<success>True</success>
</step>
<step><index>3</index><object><![CDATA[txtPassword]]></object><action><![CDATA[Set]]></action><data><![CDATA[sadmin]]></data><start>2011/11/25 09:18:59 AM</start>
<finish>2011/11/25 09:19:00 AM</finish>
<time>0.401023</time>
<result>0</result>
<success>True</success>
</step>
<step><index>4</index><object><![CDATA[imglogin]]></object><action><![CDATA[Set]]></action><data><![CDATA[]]></data><start>2011/11/25 09:19:00 AM</start>
<finish>2011/11/25 09:19:00 AM</finish>
<time>0.296017</time>
<result>0</result>
<success>True</success>
</step>
<step><index>5</index><object><![CDATA[imglogin]]></object><action><![CDATA[sleep(5)]]></action><data><![CDATA[]]></data><start>2011/11/25 09:19:00 AM</start>
<finish>2011/11/25 09:19:05 AM</finish>
<time>5.0042863</time>
<result>0</result>
<success>True</success>
</step>
<finish>2011/11/25 09:19:05 AM</finish>
<time>6.888394</time>
<result>Pass</result>
<success>True</success>
<testcount>5</testcount>
<passcount>5</passcount>
<failcount>0</failcount>
</subtest>
<subtest><index>2</index><id>doSel1</id><table name="sblLoginPageTabList" file="Subtests"/><description><![CDATA[Marketing Calendar Screen]]></description><start>2011/11/25 09:19:05 AM</start>
<step><index>1</index><object><![CDATA[[]sblLoginPageTabList]]></object><action><![CDATA[sleep(3)]]></action><data><![CDATA[Marketing Calendar Screen]]></data><start>2011/11/25 09:19:05 AM</start>
<finish>2011/11/25 09:19:08 AM</finish>
<time>3.0021717</time>
<result>0</result>
<success>True</success>
</step>
<step><index>2</index><object><![CDATA[[]sblLoginPageTabList]]></object><action><![CDATA[Set2]]></action><data><![CDATA[Marketing Calendar Screen]]></data><start>2011/11/25 09:19:08 AM</start>
<finish>2011/11/25 09:19:10 AM</finish>
<time>1.9561119</time>
<result>0</result>
<success>True</success>
</step>
<finish>2011/11/25 09:19:10 AM</finish>
<time>4.9762846</time>
<result>Pass</result>
<success>True</success>
<testcount>2</testcount>
<passcount>2</passcount>
<failcount>0</failcount>
</subtest>
<subtest><index>3</index><id>doSel2</id><table name="sblLoginPageTabList" file="Subtests"/><description><![CDATA[Marketing Plans Screen]]></description><start>2011/11/25 09:19:10 AM</start>
<step><index>1</index><object><![CDATA[[]sblLoginPageTabList]]></object><action><![CDATA[Set(Marketing Plans Screen)]]></action><data><![CDATA[]]></data><start>2011/11/25 09:19:10 AM</start>
<finish>2011/11/25 09:19:11 AM</finish>
<time>0.3660209</time>
<result>0</result>
<success>True</success>
</step>
<finish>2011/11/25 09:19:11 AM</finish>
<time>0.3720213</time>
<result>Pass</result>
<success>True</success>
<testcount>1</testcount>
<passcount>1</passcount>
<failcount>0</failcount>
</subtest>
<subtest><index>4</index><id>doSel3</id><table name="sblLoginPageTabList" file="Subtests"/><description><![CDATA[Program Screen]]></description><start>2011/11/25 09:19:11 AM</start>
<step><index>1</index><object><![CDATA[[]sblLoginPageTabList]]></object><action><![CDATA[sleep(3)]]></action><data><![CDATA[Program Screen]]></data><start>2011/11/25 09:19:11 AM</start>
<finish>2011/11/25 09:19:14 AM</finish>
<time>3.0021717</time>
<result>0</result>
<success>True</success>
</step>
<step><index>2</index><object><![CDATA[[]sblLoginPageTabList]]></object><action><![CDATA[Set2]]></action><data><![CDATA[Program Screen]]></data><start>2011/11/25 09:19:14 AM</start>
<finish>2011/11/25 09:19:14 AM</finish>
<time>0.3970227</time>
<result>0</result>
<success>True</success>
</step>
<finish>2011/11/25 09:19:14 AM</finish>
<time>3.410195</time>
<result>Pass</result>
<success>True</success>
<testcount>2</testcount>
<passcount>2</passcount>
<failcount>0</failcount>
</subtest>
<subtest><index>5</index><id>doSel4</id><table name="sblLoginPageTabList" file="Subtests"/><description><![CDATA[Campaign Administration Screen]]></description><start>2011/11/25 09:19:14 AM</start>
<step><index>1</index><object><![CDATA[[]sblLoginPageTabList]]></object><action><![CDATA[sleep(3)]]></action><data><![CDATA[Campaign Administration Screen]]></data><start>2011/11/25 09:19:14 AM</start>
<finish>2011/11/25 09:19:17 AM</finish>
<time>3.0061719</time>
<result>0</result>
<success>True</success>
</step>
<step><index>2</index><object><![CDATA[[]sblLoginPageTabList]]></object><action><![CDATA[Set2]]></action><data><![CDATA[Campaign Administration Screen]]></data><start>2011/11/25 09:19:17 AM</start>
<finish>2011/11/25 09:19:17 AM</finish>
<time>0.419024</time>
<result>0</result>
<success>True</success>
</step>
<finish>2011/11/25 09:19:17 AM</finish>
<time>3.4421969</time>
<result>Pass</result>
<success>True</success>
<testcount>2</testcount>
<passcount>2</passcount>
<failcount>0</failcount>
</subtest>
<subtest><index>6</index><id>doSel5</id><table name="sblLoginPageTabList" file="Subtests"/><description><![CDATA[Marketing Segment Screen]]></description><start>2011/11/25 09:19:17 AM</start>
<step><index>1</index><object><![CDATA[[]sblLoginPageTabList]]></object><action><![CDATA[sleep(3)]]></action><data><![CDATA[Marketing Segment Screen]]></data><start>2011/11/25 09:19:17 AM</start>
<finish>2011/11/25 09:19:20 AM</finish>
<time>3.0031718</time>
<result>0</result>
<success>True</success>
</step>
<step><index>2</index><object><![CDATA[[]sblLoginPageTabList]]></object><action><![CDATA[Set2]]></action><data><![CDATA[Marketing Segment Screen]]></data><start>2011/11/25 09:19:20 AM</start>
<finish>2011/11/25 09:19:21 AM</finish>
<time>0.384022</time>
<result>0</result>
<success>True</success>
</step>
<finish>2011/11/25 09:19:21 AM</finish>
<time>3.4011945</time>
<result>Pass</result>
<success>True</success>
<testcount>2</testcount>
<passcount>2</passcount>
<failcount>0</failcount>
</subtest>
<subtest><index>7</index><id>doSel6</id><table name="sblLoginPageTabList" file="Subtests"/><description><![CDATA[Offer Screen]]></description><start>2011/11/25 09:19:21 AM</start>
<step><index>1</index><object><![CDATA[[]sblLoginPageTabList]]></object><action><![CDATA[sleep(3)]]></action><data><![CDATA[Offer Screen]]></data><start>2011/11/25 09:19:21 AM</start>
<finish>2011/11/25 09:19:24 AM</finish>
<time>3.0031718</time>
<result>0</result>
<success>True</success>
</step>
<step><index>2</index><object><![CDATA[[]sblLoginPageTabList]]></object><action><![CDATA[Set2]]></action><data><![CDATA[Offer Screen]]></data><start>2011/11/25 09:19:24 AM</start>
<finish>2011/11/25 09:19:24 AM</finish>
<time>0.4130236</time>
<result>0</result>
<success>True</success>
</step>
<finish>2011/11/25 09:19:24 AM</finish>
<time>3.427196</time>
<result>Pass</result>
<success>True</success>
<testcount>2</testcount>
<passcount>2</passcount>
<failcount>0</failcount>
</subtest>
<finish>2011/11/25 09:19:24 AM</finish>
<time>26.1304946</time>
<result>Pass</result>
<success>True</success>
<testcount>7</testcount>
<passcount>7</passcount>
<failcount>0</failcount>
</test>
