<?xml version="1.0" ?><test><id>Test</id><execution_id></execution_id><table name="Tests" file="C:/AXE_Projects/FinQuote/data/Tests.xml"/><description><![CDATA[test]]></description><start>2011/11/21 01:23:41 PM</start>
<basestate>  <index>1</index>  <action>Fin.Home</action>  <start>2011/11/21 01:23:41 PM</start>
<info><![CDATA[[2011/11/21 13:23:41] Found browser file://C:\AXE_Projects\FinQuote\results\debug\index.html]]></info>
<info><![CDATA[[2011/11/21 13:23:41] Navigating to https://www.wesbank.co.za/WesBankCoZa/calculators/vehiclerepayment/index.jspx?siteID=wesbank]]></info>
 <success>True</success>  <result>0</result>  <finish>2011/11/21 01:23:41 PM</finish>  <time>0.725001</time>
</basestate>
<subtest><index>1</index><id>Test1</id><table name="SetFinFields" file="Subtests"/><description><![CDATA[]]></description><start>2011/11/21 01:23:41 PM</start>
<step><index>1</index><object><![CDATA[[]FinQuoteHome]]></object><action><![CDATA[Set]]></action><data><![CDATA[]]></data><start>2011/11/21 01:23:41 PM</start>
<finish>2011/11/21 01:23:43 PM</finish>
<time>1.415002</time>
<result>0</result>
<success>True</success>
</step>
<step><index>2</index><object><![CDATA[txtPurPrice]]></object><action><![CDATA[Set]]></action><data><![CDATA[200000]]></data><start>2011/11/21 01:23:43 PM</start>
<finish>2011/11/21 01:23:44 PM</finish>
<time>1.0160021</time>
<result>0</result>
<success>True</success>
</step>
<step><index>3</index><object><![CDATA[txtValExtras]]></object><action><![CDATA[Set]]></action><data><![CDATA[1500]]></data><start>2011/11/21 01:23:44 PM</start>
<finish>2011/11/21 01:23:44 PM</finish>
<time>0.3730009</time>
<result>0</result>
<success>True</success>
</step>
<step><index>4</index><object><![CDATA[txtDeposit]]></object><action><![CDATA[Set]]></action><data><![CDATA[2000]]></data><start>2011/11/21 01:23:44 PM</start>
<finish>2011/11/21 01:23:45 PM</finish>
<time>0.3960009</time>
<result>0</result>
<success>True</success>
</step>
<step><index>5</index><object><![CDATA[txtFinAmount]]></object><action><![CDATA[get]]></action><data><![CDATA[]]></data><start>2011/11/21 01:23:45 PM</start>
<finish>2011/11/21 01:23:45 PM</finish>
<time>0.1750003</time>
<result>0</result>
<success>True</success>
</step>
<step><index>6</index><object><![CDATA[txtFinAmount]]></object><action><![CDATA[val.equal]]></action><data><![CDATA[201140.00]]></data><start>2011/11/21 01:23:45 PM</start>
<expected><![CDATA[201140.00]]></expected>
<actual><![CDATA[201140.00]]></actual>
<finish>2011/11/21 01:23:45 PM</finish>
<time>0.005</time>
<result>0</result>
<success>True</success>
</step>
<finish>2011/11/21 01:23:45 PM</finish>
<time>3.3900062</time>
<result>Pass</result>
<success>True</success>
<testcount>6</testcount>
<passcount>6</passcount>
<failcount>0</failcount>
</subtest>
<subtest><index>2</index><id>id01</id><table name="FinQuote" file="Subtests"/><description><![CDATA[Clear the form]]></description><start>2011/11/21 01:23:45 PM</start>
<step><index>1</index><object><![CDATA[[]FinQuoteHome]]></object><action><![CDATA[Set]]></action><data><![CDATA[]]></data><start>2011/11/21 01:23:45 PM</start>
<finish>2011/11/21 01:23:45 PM</finish>
<time>0.1150001</time>
<result>0</result>
<success>True</success>
</step>
<step><index>2</index><object><![CDATA[btnclearForm]]></object><action><![CDATA[Set]]></action><data><![CDATA[]]></data><start>2011/11/21 01:23:45 PM</start>
<finish>2011/11/21 01:23:45 PM</finish>
<time>0.2000002</time>
<result>0</result>
<success>True</success>
</step>
<step><index>3</index><object><![CDATA[btncalculatebutton]]></object><action><![CDATA[Set]]></action><data><![CDATA[]]></data><start>2011/11/21 01:23:45 PM</start>
<finish>2011/11/21 01:23:46 PM</finish>
<time>1.3500019</time>
<result>0</result>
<success>True</success>
</step>
<step><index>4</index><object><![CDATA[msgErrorwindow]]></object><action><![CDATA[Exist]]></action><data><![CDATA[]]></data><start>2011/11/21 01:23:46 PM</start>
<finish>2011/11/21 01:23:47 PM</finish>
<time>0.6180019</time>
<result>0</result>
<success>True</success>
</step>
<step><index>5</index><object><![CDATA[btnOkButton]]></object><action><![CDATA[Set]]></action><data><![CDATA[]]></data><start>2011/11/21 01:23:47 PM</start>
<finish>2011/11/21 01:23:48 PM</finish>
<time>0.6650009</time>
<result>0</result>
<success>True</success>
</step>
<finish>2011/11/21 01:23:48 PM</finish>
<time>2.9630051</time>
<result>Pass</result>
<success>True</success>
<testcount>5</testcount>
<passcount>5</passcount>
<failcount>0</failcount>
</subtest>
<subtest><index>3</index><id>id02</id><table name="SetFinFields" file="Subtests"/><description><![CDATA[set focus]]></description><start>2011/11/21 01:23:48 PM</start>
<step><index>1</index><object><![CDATA[[]FinQuoteHome]]></object><action><![CDATA[Set]]></action><data><![CDATA[]]></data><start>2011/11/21 01:23:48 PM</start>
<finish>2011/11/21 01:23:48 PM</finish>
<time>0.1050001</time>
<result>0</result>
<success>True</success>
</step>
<step><index>2</index><object><![CDATA[txtValExtras]]></object><action><![CDATA[Set]]></action><data><![CDATA[]]></data><start>2011/11/21 01:23:48 PM</start>
<finish>2011/11/21 01:23:48 PM</finish>
<time>0.2770008</time>
<result>0</result>
<success>True</success>
</step>
<finish>2011/11/21 01:23:48 PM</finish>
<time>0.3920009</time>
<result>Pass</result>
<success>True</success>
<testcount>2</testcount>
<passcount>2</passcount>
<failcount>0</failcount>
</subtest>
<finish>2011/11/21 01:23:48 PM</finish>
<time>7.5200133</time>
<result>Pass</result>
<success>True</success>
<testcount>3</testcount>
<passcount>3</passcount>
<failcount>0</failcount>
</test>
